#
# There is insufficient memory for the Java Runtime Environment to continue.
# Native memory allocation (mmap) failed to map 36700160 bytes for committing reserved memory.
# Possible reasons:
#   The system is out of physical RAM or swap space
#   The process is running with CompressedOops enabled, and the Java Heap may be blocking the growth of the native heap
# Possible solutions:
#   Reduce memory load on the system
#   Increase physical memory or swap space
#   Check if swap backing store is full
#   Decrease Java heap size (-Xmx/-Xms)
#   Decrease number of Java threads
#   Decrease Java thread stack sizes (-Xss)
#   Set larger code cache with -XX:ReservedCodeCacheSize=
#   JVM is running with Unscaled Compressed Oops mode in which the Java heap is
#     placed in the first 4GB address space. The Java Heap base address is the
#     maximum limit for the native heap growth. Please use -XX:HeapBaseMinAddress
#     to set the Java Heap base and to place the Java Heap above 4GB virtual address.
# This output file may be truncated or incomplete.
#
#  Out of Memory Error (os_linux.cpp:2756), pid=7524, tid=0x00007fcc809e7700
#
# JRE version: OpenJDK Runtime Environment (8.0_212-b03) (build 1.8.0_212-8u212-b03-0ubuntu1.18.04.1-b03)
# Java VM: OpenJDK 64-Bit Server VM (25.212-b03 mixed mode linux-amd64 compressed oops)
# Failed to write core dump. Core dumps have been disabled. To enable core dumping, try "ulimit -c unlimited" before starting Java again
#

---------------  T H R E A D  ---------------

Current thread (0x00007fcc94105000):  VMThread [stack: 0x00007fcc808e8000,0x00007fcc809e8000] [id=7535]

Stack: [0x00007fcc808e8000,0x00007fcc809e8000],  sp=0x00007fcc809e64a0,  free space=1017k
Native frames: (J=compiled Java code, j=interpreted, Vv=VM code, C=native code)
V  [libjvm.so+0xab46a2]
V  [libjvm.so+0x4db6b7]
V  [libjvm.so+0x8ef7b0]
V  [libjvm.so+0x8e68ce]
V  [libjvm.so+0x96a406]
V  [libjvm.so+0x96b778]
V  [libjvm.so+0x967d76]
V  [libjvm.so+0x96810c]
V  [libjvm.so+0x916928]
V  [libjvm.so+0xab6372]
V  [libjvm.so+0xabaea6]
V  [libjvm.so+0xab91e5]
V  [libjvm.so+0xab9abd]
V  [libjvm.so+0xab9e97]
V  [libjvm.so+0x8ecb42]

VM_Operation (0x00007fcc5b9fe660): ParallelGCFailedAllocation, mode: safepoint, requested by thread 0x00007fcc9436d800


---------------  P R O C E S S  ---------------

Java Threads: ( => current thread )
  0x00007fcc9436d800 JavaThread "background-preinit" [_thread_blocked, id=7551, stack(0x00007fcc5b901000,0x00007fcc5ba02000)]
  0x00007fcc94518800 JavaThread "Service Thread" daemon [_thread_blocked, id=7549, stack(0x00007fcc5bb03000,0x00007fcc5bc04000)]
  0x00007fcc9450d000 JavaThread "C1 CompilerThread1" daemon [_thread_blocked, id=7548, stack(0x00007fcc5bc05000,0x00007fcc5bd05000)]
  0x00007fcc9450b800 JavaThread "C2 CompilerThread0" daemon [_thread_blocked, id=7547, stack(0x00007fcc5bd06000,0x00007fcc5be06000)]
  0x00007fcc68001000 JavaThread "JDWP Command Reader" daemon [_thread_in_native, id=7543, stack(0x00007fcc800dc000,0x00007fcc801dd000)]
  0x00007fcc94153000 JavaThread "JDWP Event Helper Thread" daemon [_thread_blocked, id=7542, stack(0x00007fcc801dd000,0x00007fcc802de000)]
  0x00007fcc9414f800 JavaThread "JDWP Transport Listener: dt_socket" daemon [_thread_blocked, id=7541, stack(0x00007fcc802de000,0x00007fcc803df000)]
  0x00007fcc94142000 JavaThread "Signal Dispatcher" daemon [_thread_blocked, id=7538, stack(0x00007fcc805e4000,0x00007fcc806e5000)]
  0x00007fcc94111000 JavaThread "Finalizer" daemon [_thread_blocked, id=7537, stack(0x00007fcc806e5000,0x00007fcc807e6000)]
  0x00007fcc9410e800 JavaThread "Reference Handler" daemon [_thread_blocked, id=7536, stack(0x00007fcc807e6000,0x00007fcc808e7000)]
  0x00007fcc94014000 JavaThread "main" [_thread_blocked, id=7531, stack(0x00007fcc9b762000,0x00007fcc9b862000)]

Other Threads:
=>0x00007fcc94105000 VMThread [stack: 0x00007fcc808e8000,0x00007fcc809e8000] [id=7535]
  0x00007fcc9451b000 WatcherThread [stack: 0x00007fcc5ba03000,0x00007fcc5bb03000] [id=7550]

VM state:at safepoint (normal execution)

VM Mutex/Monitor currently owned by a thread:  ([mutex/lock_event])
[0x00007fcc94010c70] Threads_lock - owner thread: 0x00007fcc94105000
[0x00007fcc94011170] Heap_lock - owner thread: 0x00007fcc9436d800

heap address: 0x00000000c2400000, size: 988 MB, Compressed Oops mode: 32-bit
Narrow klass base: 0x0000000000000000, Narrow klass shift: 3
Compressed class space size: 1073741824 Address: 0x0000000100000000

Heap:
 PSYoungGen      total 34304K, used 2544K [0x00000000eb700000, 0x00000000edb00000, 0x0000000100000000)
  eden space 31744K, 0% used [0x00000000eb700000,0x00000000eb700000,0x00000000ed600000)
  from space 2560K, 99% used [0x00000000ed600000,0x00000000ed87c010,0x00000000ed880000)
  to   space 2560K, 0% used [0x00000000ed880000,0x00000000ed880000,0x00000000edb00000)
 ParOldGen       total 42496K, used 2345K [0x00000000c2400000, 0x00000000c4d80000, 0x00000000eb700000)
  object space 42496K, 5% used [0x00000000c2400000,0x00000000c264a640,0x00000000c4d80000)
 Metaspace       used 13654K, capacity 14036K, committed 14336K, reserved 1062912K
  class space    used 1594K, capacity 1694K, committed 1792K, reserved 1048576K

Card table byte_map: [0x00007fcc84006000,0x00007fcc841f5000] byte_map_base: 0x00007fcc839f4000

Marking Bits: (ParMarkBitMap*) 0x00007fcc9a9f63c0
 Begin Bits: [0x00007fcc81f24000, 0x00007fcc82e94000)
 End Bits:   [0x00007fcc82e94000, 0x00007fcc83e04000)

Polling page: 0x00007fcc9b877000

CodeCache: size=245760Kb used=4837Kb max_used=4837Kb free=240922Kb
 bounds [0x00007fcc845b5000, 0x00007fcc84a75000, 0x00007fcc935b5000]
 total_blobs=1516 nmethods=1177 adapters=260
 compilation: enabled

Compilation events (10 events):
Event: 21.657 Thread 0x00007fcc9450d000 1218       1       java.lang.String::toString (2 bytes)
Event: 21.657 Thread 0x00007fcc9450d000 nmethod 1218 0x00007fcc84a6a050 code [0x00007fcc84a6a1a0, 0x00007fcc84a6a2b0]
Event: 21.658 Thread 0x00007fcc9450d000 1219       3       java.lang.invoke.LambdaForm$MH/2005169944::linkToTargetMethod (9 bytes)
Event: 21.659 Thread 0x00007fcc9450d000 nmethod 1219 0x00007fcc84a6a310 code [0x00007fcc84a6a4a0, 0x00007fcc84a6a938]
Event: 21.659 Thread 0x00007fcc9450d000 1220       3       java.lang.invoke.LambdaForm$DMH/2146608740::invokeStatic_L_L (14 bytes)
Event: 21.669 Thread 0x00007fcc9450d000 nmethod 1220 0x00007fcc84a6aa10 code [0x00007fcc84a6aba0, 0x00007fcc84a6b0f8]
Event: 21.670 Thread 0x00007fcc9450d000 1216       3       org.springframework.boot.context.properties.source.PropertyMapping::<init> (15 bytes)
Event: 21.671 Thread 0x00007fcc9450d000 nmethod 1216 0x00007fcc84a6b210 code [0x00007fcc84a6b380, 0x00007fcc84a6b550]
Event: 21.671 Thread 0x00007fcc9450d000 1212       3       java.util.regex.Matcher::groupCount (10 bytes)
Event: 21.672 Thread 0x00007fcc9450d000 nmethod 1212 0x00007fcc84a6b610 code [0x00007fcc84a6b780, 0x00007fcc84a6b8d0]

GC Heap History (9 events):
Event: 1.524 GC heap before
{Heap before GC invocations=1 (full 0):
 PSYoungGen      total 18432K, used 15872K [0x00000000eb700000, 0x00000000ecb80000, 0x0000000100000000)
  eden space 15872K, 100% used [0x00000000eb700000,0x00000000ec680000,0x00000000ec680000)
  from space 2560K, 0% used [0x00000000ec900000,0x00000000ec900000,0x00000000ecb80000)
  to   space 2560K, 0% used [0x00000000ec680000,0x00000000ec680000,0x00000000ec900000)
 ParOldGen       total 42496K, used 0K [0x00000000c2400000, 0x00000000c4d80000, 0x00000000eb700000)
  object space 42496K, 0% used [0x00000000c2400000,0x00000000c2400000,0x00000000c4d80000)
 Metaspace       used 6362K, capacity 6418K, committed 6656K, reserved 1056768K
  class space    used 649K, capacity 689K, committed 768K, reserved 1048576K
Event: 1.541 GC heap after
Heap after GC invocations=1 (full 0):
 PSYoungGen      total 18432K, used 2171K [0x00000000eb700000, 0x00000000ecb80000, 0x0000000100000000)
  eden space 15872K, 0% used [0x00000000eb700000,0x00000000eb700000,0x00000000ec680000)
  from space 2560K, 84% used [0x00000000ec680000,0x00000000ec89efd0,0x00000000ec900000)
  to   space 2560K, 0% used [0x00000000ec900000,0x00000000ec900000,0x00000000ecb80000)
 ParOldGen       total 42496K, used 8K [0x00000000c2400000, 0x00000000c4d80000, 0x00000000eb700000)
  object space 42496K, 0% used [0x00000000c2400000,0x00000000c2402000,0x00000000c4d80000)
 Metaspace       used 6362K, capacity 6418K, committed 6656K, reserved 1056768K
  class space    used 649K, capacity 689K, committed 768K, reserved 1048576K
}
Event: 2.398 GC heap before
{Heap before GC invocations=2 (full 0):
 PSYoungGen      total 18432K, used 18043K [0x00000000eb700000, 0x00000000ecb80000, 0x0000000100000000)
  eden space 15872K, 100% used [0x00000000eb700000,0x00000000ec680000,0x00000000ec680000)
  from space 2560K, 84% used [0x00000000ec680000,0x00000000ec89efd0,0x00000000ec900000)
  to   space 2560K, 0% used [0x00000000ec900000,0x00000000ec900000,0x00000000ecb80000)
 ParOldGen       total 42496K, used 8K [0x00000000c2400000, 0x00000000c4d80000, 0x00000000eb700000)
  object space 42496K, 0% used [0x00000000c2400000,0x00000000c2402000,0x00000000c4d80000)
 Metaspace       used 8567K, capacity 8756K, committed 8960K, reserved 1056768K
  class space    used 896K, capacity 960K, committed 1024K, reserved 1048576K
Event: 2.428 GC heap after
Heap after GC invocations=2 (full 0):
 PSYoungGen      total 18432K, used 2479K [0x00000000eb700000, 0x00000000edb00000, 0x0000000100000000)
  eden space 15872K, 0% used [0x00000000eb700000,0x00000000eb700000,0x00000000ec680000)
  from space 2560K, 96% used [0x00000000ec900000,0x00000000ecb6bdc0,0x00000000ecb80000)
  to   space 2560K, 0% used [0x00000000ec680000,0x00000000ec680000,0x00000000ec900000)
 ParOldGen       total 42496K, used 8K [0x00000000c2400000, 0x00000000c4d80000, 0x00000000eb700000)
  object space 42496K, 0% used [0x00000000c2400000,0x00000000c2402000,0x00000000c4d80000)
 Metaspace       used 8567K, capacity 8756K, committed 8960K, reserved 1056768K
  class space    used 896K, capacity 960K, committed 1024K, reserved 1048576K
}
Event: 15.834 GC heap before
{Heap before GC invocations=3 (full 0):
 PSYoungGen      total 18432K, used 18351K [0x00000000eb700000, 0x00000000edb00000, 0x0000000100000000)
  eden space 15872K, 100% used [0x00000000eb700000,0x00000000ec680000,0x00000000ec680000)
  from space 2560K, 96% used [0x00000000ec900000,0x00000000ecb6bdc0,0x00000000ecb80000)
  to   space 2560K, 0% used [0x00000000ec680000,0x00000000ec680000,0x00000000ec900000)
 ParOldGen       total 42496K, used 8K [0x00000000c2400000, 0x00000000c4d80000, 0x00000000eb700000)
  object space 42496K, 0% used [0x00000000c2400000,0x00000000c2402000,0x00000000c4d80000)
 Metaspace       used 10096K, capacity 10272K, committed 10496K, reserved 1058816K
  class space    used 1095K, capacity 1164K, committed 1280K, reserved 1048576K
Event: 15.921 GC heap after
Heap after GC invocations=3 (full 0):
 PSYoungGen      total 18432K, used 2544K [0x00000000eb700000, 0x00000000edb00000, 0x0000000100000000)
  eden space 15872K, 0% used [0x00000000eb700000,0x00000000eb700000,0x00000000ec680000)
  from space 2560K, 99% used [0x00000000ec680000,0x00000000ec8fc010,0x00000000ec900000)
  to   space 2560K, 0% used [0x00000000ed880000,0x00000000ed880000,0x00000000edb00000)
 ParOldGen       total 42496K, used 226K [0x00000000c2400000, 0x00000000c4d80000, 0x00000000eb700000)
  object space 42496K, 0% used [0x00000000c2400000,0x00000000c2438998,0x00000000c4d80000)
 Metaspace       used 10096K, capacity 10272K, committed 10496K, reserved 1058816K
  class space    used 1095K, capacity 1164K, committed 1280K, reserved 1048576K
}
Event: 18.389 GC heap before
{Heap before GC invocations=4 (full 0):
 PSYoungGen      total 18432K, used 18416K [0x00000000eb700000, 0x00000000edb00000, 0x0000000100000000)
  eden space 15872K, 100% used [0x00000000eb700000,0x00000000ec680000,0x00000000ec680000)
  from space 2560K, 99% used [0x00000000ec680000,0x00000000ec8fc010,0x00000000ec900000)
  to   space 2560K, 0% used [0x00000000ed880000,0x00000000ed880000,0x00000000edb00000)
 ParOldGen       total 42496K, used 226K [0x00000000c2400000, 0x00000000c4d80000, 0x00000000eb700000)
  object space 42496K, 0% used [0x00000000c2400000,0x00000000c2438998,0x00000000c4d80000)
 Metaspace       used 11715K, capacity 12034K, committed 12160K, reserved 1060864K
  class space    used 1271K, capacity 1365K, committed 1408K, reserved 1048576K
Event: 18.416 GC heap after
Heap after GC invocations=4 (full 0):
 PSYoungGen      total 34304K, used 2528K [0x00000000eb700000, 0x00000000edb00000, 0x0000000100000000)
  eden space 31744K, 0% used [0x00000000eb700000,0x00000000eb700000,0x00000000ed600000)
  from space 2560K, 98% used [0x00000000ed880000,0x00000000edaf8020,0x00000000edb00000)
  to   space 2560K, 0% used [0x00000000ed600000,0x00000000ed600000,0x00000000ed880000)
 ParOldGen       total 42496K, used 705K [0x00000000c2400000, 0x00000000c4d80000, 0x00000000eb700000)
  object space 42496K, 1% used [0x00000000c2400000,0x00000000c24b0438,0x00000000c4d80000)
 Metaspace       used 11715K, capacity 12034K, committed 12160K, reserved 1060864K
  class space    used 1271K, capacity 1365K, committed 1408K, reserved 1048576K
}
Event: 22.314 GC heap before
{Heap before GC invocations=5 (full 0):
 PSYoungGen      total 34304K, used 34272K [0x00000000eb700000, 0x00000000edb00000, 0x0000000100000000)
  eden space 31744K, 100% used [0x00000000eb700000,0x00000000ed600000,0x00000000ed600000)
  from space 2560K, 98% used [0x00000000ed880000,0x00000000edaf8020,0x00000000edb00000)
  to   space 2560K, 0% used [0x00000000ed600000,0x00000000ed600000,0x00000000ed880000)
 ParOldGen       total 42496K, used 705K [0x00000000c2400000, 0x00000000c4d80000, 0x00000000eb700000)
  object space 42496K, 1% used [0x00000000c2400000,0x00000000c24b0438,0x00000000c4d80000)
 Metaspace       used 13654K, capacity 14036K, committed 14336K, reserved 1062912K
  class space    used 1594K, capacity 1694K, committed 1792K, reserved 1048576K

Deoptimization events (10 events):
Event: 21.545 Thread 0x00007fcc9436d800 Uncommon trap: reason=range_check action=none pc=0x00007fcc849af9a4 method=sun.reflect.generics.parser.SignatureParser.current()C @ 34
Event: 21.546 Thread 0x00007fcc9436d800 Uncommon trap: reason=range_check action=none pc=0x00007fcc849af9a4 method=sun.reflect.generics.parser.SignatureParser.current()C @ 34
Event: 21.547 Thread 0x00007fcc9436d800 Uncommon trap: reason=range_check action=none pc=0x00007fcc849af9a4 method=sun.reflect.generics.parser.SignatureParser.current()C @ 34
Event: 21.554 Thread 0x00007fcc9436d800 Uncommon trap: reason=range_check action=none pc=0x00007fcc849af9a4 method=sun.reflect.generics.parser.SignatureParser.current()C @ 34
Event: 21.555 Thread 0x00007fcc9436d800 Uncommon trap: reason=range_check action=none pc=0x00007fcc849af9a4 method=sun.reflect.generics.parser.SignatureParser.current()C @ 34
Event: 21.555 Thread 0x00007fcc9436d800 Uncommon trap: reason=range_check action=none pc=0x00007fcc849af9a4 method=sun.reflect.generics.parser.SignatureParser.current()C @ 34
Event: 21.555 Thread 0x00007fcc9436d800 Uncommon trap: reason=range_check action=none pc=0x00007fcc849af9a4 method=sun.reflect.generics.parser.SignatureParser.current()C @ 34
Event: 21.557 Thread 0x00007fcc9436d800 Uncommon trap: reason=range_check action=none pc=0x00007fcc849af9a4 method=sun.reflect.generics.parser.SignatureParser.current()C @ 34
Event: 21.557 Thread 0x00007fcc9436d800 Uncommon trap: reason=range_check action=none pc=0x00007fcc849af9a4 method=sun.reflect.generics.parser.SignatureParser.current()C @ 34
Event: 21.558 Thread 0x00007fcc9436d800 Uncommon trap: reason=range_check action=none pc=0x00007fcc849af9a4 method=sun.reflect.generics.parser.SignatureParser.current()C @ 34

Classes redefined (0 events):
No events

Internal exceptions (10 events):
Event: 21.546 Thread 0x00007fcc9436d800 Exception <a 'java/lang/ArrayIndexOutOfBoundsException': 129> (0x00000000ed482c48) thrown at [/build/openjdk-8-fPix8r/openjdk-8-8u212-b03/src/hotspot/src/share/vm/interpreter/interpreterRuntime.cpp, line 368]
Event: 21.546 Thread 0x00007fcc9436d800 Exception <a 'java/lang/ArrayIndexOutOfBoundsException': 125> (0x00000000ed4848f0) thrown at [/build/openjdk-8-fPix8r/openjdk-8-8u212-b03/src/hotspot/src/share/vm/interpreter/interpreterRuntime.cpp, line 368]
Event: 21.547 Thread 0x00007fcc9436d800 Exception <a 'java/lang/ArrayIndexOutOfBoundsException': 133> (0x00000000ed4866a0) thrown at [/build/openjdk-8-fPix8r/openjdk-8-8u212-b03/src/hotspot/src/share/vm/interpreter/interpreterRuntime.cpp, line 368]
Event: 21.555 Thread 0x00007fcc9436d800 Exception <a 'java/lang/ArrayIndexOutOfBoundsException': 124> (0x00000000ed48ac98) thrown at [/build/openjdk-8-fPix8r/openjdk-8-8u212-b03/src/hotspot/src/share/vm/interpreter/interpreterRuntime.cpp, line 368]
Event: 21.555 Thread 0x00007fcc9436d800 Exception <a 'java/lang/ArrayIndexOutOfBoundsException': 130> (0x00000000ed48c9b8) thrown at [/build/openjdk-8-fPix8r/openjdk-8-8u212-b03/src/hotspot/src/share/vm/interpreter/interpreterRuntime.cpp, line 368]
Event: 21.555 Thread 0x00007fcc9436d800 Exception <a 'java/lang/ArrayIndexOutOfBoundsException': 126> (0x00000000ed48e6b0) thrown at [/build/openjdk-8-fPix8r/openjdk-8-8u212-b03/src/hotspot/src/share/vm/interpreter/interpreterRuntime.cpp, line 368]
Event: 21.555 Thread 0x00007fcc9436d800 Exception <a 'java/lang/ArrayIndexOutOfBoundsException': 139> (0x00000000ed490488) thrown at [/build/openjdk-8-fPix8r/openjdk-8-8u212-b03/src/hotspot/src/share/vm/interpreter/interpreterRuntime.cpp, line 368]
Event: 21.557 Thread 0x00007fcc9436d800 Exception <a 'java/lang/ArrayIndexOutOfBoundsException': 120> (0x00000000ed494b50) thrown at [/build/openjdk-8-fPix8r/openjdk-8-8u212-b03/src/hotspot/src/share/vm/interpreter/interpreterRuntime.cpp, line 368]
Event: 21.557 Thread 0x00007fcc9436d800 Exception <a 'java/lang/ArrayIndexOutOfBoundsException': 125> (0x00000000ed4967d8) thrown at [/build/openjdk-8-fPix8r/openjdk-8-8u212-b03/src/hotspot/src/share/vm/interpreter/interpreterRuntime.cpp, line 368]
Event: 21.558 Thread 0x00007fcc9436d800 Exception <a 'java/lang/ArrayIndexOutOfBoundsException': 129> (0x00000000ed4984f8) thrown at [/build/openjdk-8-fPix8r/openjdk-8-8u212-b03/src/hotspot/src/share/vm/interpreter/interpreterRuntime.cpp, line 368]

Events (10 events):
Event: 22.229 Thread 0x00007fcc9436d800 DEOPT UNPACKING pc=0x00007fcc845fc4c4 sp=0x00007fcc5b9ff3a0 mode 1
Event: 22.242 Thread 0x00007fcc94014000 DEOPT PACKING pc=0x00007fcc847e6321 sp=0x00007fcc9b85f0e0
Event: 22.244 Thread 0x00007fcc94014000 DEOPT UNPACKING pc=0x00007fcc845fc4c4 sp=0x00007fcc9b85ee50 mode 1
Event: 22.246 Thread 0x00007fcc94014000 DEOPT PACKING pc=0x00007fcc847df5d4 sp=0x00007fcc9b85f160
Event: 22.246 Thread 0x00007fcc94014000 DEOPT UNPACKING pc=0x00007fcc845fc4c4 sp=0x00007fcc9b85efa0 mode 1
Event: 22.246 Thread 0x00007fcc94014000 DEOPT PACKING pc=0x00007fcc847df374 sp=0x00007fcc9b85f2f0
Event: 22.246 Thread 0x00007fcc94014000 DEOPT UNPACKING pc=0x00007fcc845fc4c4 sp=0x00007fcc9b85f130 mode 1
Event: 22.247 Thread 0x00007fcc9436d800 DEOPT PACKING pc=0x00007fcc847df374 sp=0x00007fcc5b9ff6f0
Event: 22.247 Thread 0x00007fcc9436d800 DEOPT UNPACKING pc=0x00007fcc845fc4c4 sp=0x00007fcc5b9ff530 mode 1
Event: 22.280 Executing VM operation: ParallelGCFailedAllocation


Dynamic libraries:
c2400000-c4d80000 rw-p 00000000 00:00 0 
c4d80000-eb700000 ---p 00000000 00:00 0 
eb700000-edb00000 rw-p 00000000 00:00 0 
efe00000-100000000 ---p 00000000 00:00 0 
100000000-1001c0000 rw-p 00000000 00:00 0 
1001c0000-140000000 ---p 00000000 00:00 0 
55bec1df1000-55bec1df2000 r-xp 00000000 fc:01 3109258                    /usr/lib/jvm/java-8-openjdk-amd64/jre/bin/java
55bec1ff1000-55bec1ff2000 r--p 00000000 fc:01 3109258                    /usr/lib/jvm/java-8-openjdk-amd64/jre/bin/java
55bec1ff2000-55bec1ff3000 rw-p 00001000 fc:01 3109258                    /usr/lib/jvm/java-8-openjdk-amd64/jre/bin/java
55bec20bf000-55bec20e0000 rw-p 00000000 00:00 0                          [heap]
7fcc44000000-7fcc44021000 rw-p 00000000 00:00 0 
7fcc44021000-7fcc48000000 ---p 00000000 00:00 0 
7fcc48000000-7fcc4817e000 rw-p 00000000 00:00 0 
7fcc4817e000-7fcc4c000000 ---p 00000000 00:00 0 
7fcc4c000000-7fcc4cb99000 rw-p 00000000 00:00 0 
7fcc4cb99000-7fcc50000000 ---p 00000000 00:00 0 
7fcc50000000-7fcc50021000 rw-p 00000000 00:00 0 
7fcc50021000-7fcc54000000 ---p 00000000 00:00 0 
7fcc54000000-7fcc566ad000 rw-p 00000000 00:00 0 
7fcc566ad000-7fcc58000000 ---p 00000000 00:00 0 
7fcc5adf9000-7fcc5ae39000 rw-p 00000000 00:00 0 
7fcc5ae39000-7fcc5aff9000 ---p 00000000 00:00 0 
7fcc5aff9000-7fcc5b00f000 r-xp 00000000 fc:01 3109296                    /usr/lib/jvm/java-8-openjdk-amd64/jre/lib/amd64/libnet.so
7fcc5b00f000-7fcc5b20e000 ---p 00016000 fc:01 3109296                    /usr/lib/jvm/java-8-openjdk-amd64/jre/lib/amd64/libnet.so
7fcc5b20e000-7fcc5b20f000 r--p 00015000 fc:01 3109296                    /usr/lib/jvm/java-8-openjdk-amd64/jre/lib/amd64/libnet.so
7fcc5b20f000-7fcc5b210000 rw-p 00016000 fc:01 3109296                    /usr/lib/jvm/java-8-openjdk-amd64/jre/lib/amd64/libnet.so
7fcc5b210000-7fcc5b219000 r-xp 00000000 fc:01 3109294                    /usr/lib/jvm/java-8-openjdk-amd64/jre/lib/amd64/libmanagement.so
7fcc5b219000-7fcc5b418000 ---p 00009000 fc:01 3109294                    /usr/lib/jvm/java-8-openjdk-amd64/jre/lib/amd64/libmanagement.so
7fcc5b418000-7fcc5b419000 r--p 00008000 fc:01 3109294                    /usr/lib/jvm/java-8-openjdk-amd64/jre/lib/amd64/libmanagement.so
7fcc5b419000-7fcc5b41a000 rw-p 00009000 fc:01 3109294                    /usr/lib/jvm/java-8-openjdk-amd64/jre/lib/amd64/libmanagement.so
7fcc5b41a000-7fcc5b61a000 rw-p 00000000 00:00 0 
7fcc5b701000-7fcc5b901000 rw-p 00000000 00:00 0 
7fcc5b901000-7fcc5b904000 ---p 00000000 00:00 0 
7fcc5b904000-7fcc5ba02000 rw-p 00000000 00:00 0 
7fcc5ba02000-7fcc5ba03000 ---p 00000000 00:00 0 
7fcc5ba03000-7fcc5bb03000 rw-p 00000000 00:00 0 
7fcc5bb03000-7fcc5bb06000 ---p 00000000 00:00 0 
7fcc5bb06000-7fcc5bc04000 rw-p 00000000 00:00 0 
7fcc5bc04000-7fcc5bc05000 ---p 00000000 00:00 0 
7fcc5bc05000-7fcc5bc08000 ---p 00000000 00:00 0 
7fcc5bc08000-7fcc5bd05000 rw-p 00000000 00:00 0 
7fcc5bd05000-7fcc5bd06000 ---p 00000000 00:00 0 
7fcc5bd06000-7fcc5bd09000 ---p 00000000 00:00 0 
7fcc5bd09000-7fcc5be06000 rw-p 00000000 00:00 0 
7fcc5be06000-7fcc5be19000 r--s 00346000 fc:01 3109346                    /usr/lib/jvm/java-8-openjdk-amd64/jre/lib/resources.jar
7fcc5be19000-7fcc5be1b000 r--s 00016000 fc:01 3109339                    /usr/lib/jvm/java-8-openjdk-amd64/jre/lib/jce.jar
7fcc5be1b000-7fcc5be1f000 r--s 000a1000 fc:01 3109341                    /usr/lib/jvm/java-8-openjdk-amd64/jre/lib/jsse.jar
7fcc5be1f000-7fcc5be22000 r--s 0001f000 fc:01 2074979                    /opt/eclipse/configuration/org.eclipse.osgi/405/0/.cp/lib/javaagent-shaded.jar
7fcc5be22000-7fcc5be23000 r--s 00005000 fc:01 4387618                    /root/.m2/repository/org/springframework/spring-jcl/5.1.8.RELEASE/spring-jcl-5.1.8.RELEASE.jar
7fcc5be23000-7fcc5be3c000 r--s 00123000 fc:01 4387616                    /root/.m2/repository/org/springframework/spring-core/5.1.8.RELEASE/spring-core-5.1.8.RELEASE.jar
7fcc5be3c000-7fcc5be54000 r--s 00218000 fc:01 4135258                    /root/.m2/repository/mysql/mysql-connector-java/8.0.16/mysql-connector-java-8.0.16.jar
7fcc5be54000-7fcc5be59000 r--s 00040000 fc:01 4387600                    /root/.m2/repository/org/springframework/spring-expression/5.1.8.RELEASE/spring-expression-5.1.8.RELEASE.jar
7fcc5be59000-7fcc5be68000 r--s 000b5000 fc:01 2860691                    /root/.m2/repository/org/springframework/spring-webmvc/5.1.8.RELEASE/spring-webmvc-5.1.8.RELEASE.jar
7fcc5be68000-7fcc5be84000 r--s 00137000 fc:01 4387586                    /root/.m2/repository/org/springframework/spring-web/5.1.8.RELEASE/spring-web-5.1.8.RELEASE.jar
7fcc5be84000-7fcc5be89000 r--s 00012000 fc:01 4387585                    /root/.m2/repository/javax/validation/validation-api/2.0.1.Final/validation-api-2.0.1.Final.jar
7fcc5be89000-7fcc5bea6000 r--s 000fe000 fc:01 4387558                    /root/.m2/repository/org/hibernate/validator/hibernate-validator/6.0.17.Final/hibernate-validator-6.0.17.Final.jar
7fcc5bea6000-7fcc5beab000 r--s 0003c000 fc:01 4387543                    /root/.m2/repository/org/apache/tomcat/embed/tomcat-embed-websocket/9.0.21/tomcat-embed-websocket-9.0.21.jar
7fcc5beab000-7fcc5beb0000 r--s 00039000 fc:01 4387573                    /root/.m2/repository/org/apache/tomcat/embed/tomcat-embed-el/9.0.21/tomcat-embed-el-9.0.21.jar
7fcc5beb0000-7fcc5bedb000 r--s 00306000 fc:01 4387577                    /root/.m2/repository/org/apache/tomcat/embed/tomcat-embed-core/9.0.21/tomcat-embed-core-9.0.21.jar
7fcc5bedb000-7fcc5bedc000 r--s 00000000 fc:01 4387575                    /root/.m2/repository/org/springframework/boot/spring-boot-starter-tomcat/2.1.6.RELEASE/spring-boot-starter-tomcat-2.1.6.RELEASE.jar
7fcc5bedc000-7fcc5bede000 r--s 00001000 fc:01 4387563                    /root/.m2/repository/com/fasterxml/jackson/module/jackson-module-parameter-names/2.9.9/jackson-module-parameter-names-2.9.9.jar
7fcc5bede000-7fcc5bee1000 r--s 00016000 fc:01 4387571                    /root/.m2/repository/com/fasterxml/jackson/datatype/jackson-datatype-jsr310/2.9.9/jackson-datatype-jsr310-2.9.9.jar
7fcc5bee1000-7fcc5bee3000 r--s 00007000 fc:01 4387568                    /root/.m2/repository/com/fasterxml/jackson/datatype/jackson-datatype-jdk8/2.9.9/jackson-datatype-jdk8-2.9.9.jar
7fcc5bee3000-7fcc5bee7000 r--s 0004c000 fc:01 4387566                    /root/.m2/repository/com/fasterxml/jackson/core/jackson-core/2.9.9/jackson-core-2.9.9.jar
7fcc5bee7000-7fcc5beea000 r--s 0000e000 fc:01 4387565                    /root/.m2/repository/com/fasterxml/jackson/core/jackson-annotations/2.9.0/jackson-annotations-2.9.0.jar
7fcc5beea000-7fcc5befd000 r--s 00137000 fc:01 4387555                    /root/.m2/repository/com/fasterxml/jackson/core/jackson-databind/2.9.9/jackson-databind-2.9.9.jar
7fcc5befd000-7fcc5befe000 r--s 00000000 fc:01 4387561                    /root/.m2/repository/org/springframework/boot/spring-boot-starter-json/2.1.6.RELEASE/spring-boot-starter-json-2.1.6.RELEASE.jar
7fcc5befe000-7fcc5bf05000 r--s 00043000 fc:01 4387564                    /root/.m2/repository/org/yaml/snakeyaml/1.23/snakeyaml-1.23.jar
7fcc5bf05000-7fcc5bf07000 r--s 00005000 fc:01 4135224                    /root/.m2/repository/javax/annotation/javax.annotation-api/1.3.2/javax.annotation-api-1.3.2.jar
7fcc5bf07000-7fcc5bf09000 r--s 00000000 fc:01 2860680                    /root/.m2/repository/org/slf4j/jul-to-slf4j/1.7.26/jul-to-slf4j-1.7.26.jar
7fcc5bf09000-7fcc5bf0f000 r--s 0003c000 fc:01 4387554                    /root/.m2/repository/org/apache/logging/log4j/log4j-api/2.11.2/log4j-api-2.11.2.jar
7fcc5bf0f000-7fcc5bf11000 r--s 00003000 fc:01 4387559                    /root/.m2/repository/org/apache/logging/log4j/log4j-to-slf4j/2.11.2/log4j-to-slf4j-2.11.2.jar
7fcc5bf11000-7fcc5bf1c000 r--s 00069000 fc:01 2860687                    /root/.m2/repository/ch/qos/logback/logback-core/1.2.3/logback-core-1.2.3.jar
7fcc5bf1c000-7fcc5bf22000 r--s 00041000 fc:01 2604645                    /root/.m2/repository/ch/qos/logback/logback-classic/1.2.3/logback-classic-1.2.3.jar
7fcc5bf22000-7fcc5bf23000 r--s 00000000 fc:01 4387542                    /root/.m2/repository/org/springframework/boot/spring-boot-starter-logging/2.1.6.RELEASE/spring-boot-starter-logging-2.1.6.RELEASE.jar
7fcc5bf23000-7fcc5bf47000 r--s 00110000 fc:01 4387545                    /root/.m2/repository/org/springframework/boot/spring-boot-autoconfigure/2.1.6.RELEASE/spring-boot-autoconfigure-2.1.6.RELEASE.jar
7fcc5bf47000-7fcc5bf5c000 r--s 000d4000 fc:01 4387548                    /root/.m2/repository/org/springframework/boot/spring-boot/2.1.6.RELEASE/spring-boot-2.1.6.RELEASE.jar
7fcc5bf5c000-7fcc5bf5d000 r--s 00000000 fc:01 4387546                    /root/.m2/repository/org/springframework/boot/spring-boot-starter/2.1.6.RELEASE/spring-boot-starter-2.1.6.RELEASE.jar
7fcc5bf5d000-7fcc5bf5e000 r--s 00000000 fc:01 4387524                    /root/.m2/repository/org/springframework/boot/spring-boot-starter-web/2.1.6.RELEASE/spring-boot-starter-web-2.1.6.RELEASE.jar
7fcc5bf5e000-7fcc5bf60000 r--s 0000a000 fc:01 4387549                    /root/.m2/repository/org/springframework/spring-aspects/5.1.8.RELEASE/spring-aspects-5.1.8.RELEASE.jar
7fcc5bf60000-7fcc5bf62000 r--s 00009000 fc:01 3113456                    /root/.m2/repository/org/slf4j/slf4j-api/1.7.26/slf4j-api-1.7.26.jar
7fcc5bf62000-7fcc5bf6e000 r--s 00099000 fc:01 4387540                    /root/.m2/repository/org/springframework/spring-beans/5.1.8.RELEASE/spring-beans-5.1.8.RELEASE.jar
7fcc5bf6e000-7fcc5bf76000 r--s 00037000 fc:01 4387530                    /root/.m2/repository/org/springframework/spring-tx/5.1.8.RELEASE/spring-tx-5.1.8.RELEASE.jar
7fcc5bf76000-7fcc5bf90000 r--s 000f4000 fc:01 4387537                    /root/.m2/repository/org/springframework/spring-context/5.1.8.RELEASE/spring-context-5.1.8.RELEASE.jar
7fcc5bf90000-7fcc5bf94000 r--s 0002d000 fc:01 4387534                    /root/.m2/repository/org/springframework/spring-orm/5.1.8.RELEASE/spring-orm-5.1.8.RELEASE.jar
7fcc5bf94000-7fcc5bfac000 r--s 00107000 fc:01 4387532                    /root/.m2/repository/org/springframework/data/spring-data-commons/2.1.9.RELEASE/spring-data-commons-2.1.9.RELEASE.jar
7fcc5bfac000-7fcc5bfb4000 r--s 00050000 fc:01 4387521                    /root/.m2/repository/org/springframework/data/spring-data-jpa/2.1.9.RELEASE/spring-data-jpa-2.1.9.RELEASE.jar
7fcc5bfb4000-7fcc5bfb9000 r--s 0004b000 fc:01 4387526                    /root/.m2/repository/org/dom4j/dom4j/2.1.1/dom4j-2.1.1.jar
7fcc5bfb9000-7fcc5c000000 r--s 002dd000 fc:01 4387513                    /root/.m2/repository/net/bytebuddy/byte-buddy/1.9.13/byte-buddy-1.9.13.jar
7fcc5c000000-7fcc5c021000 rw-p 00000000 00:00 0 
7fcc5c021000-7fcc60000000 ---p 00000000 00:00 0 
7fcc60000000-7fcc60021000 rw-p 00000000 00:00 0 
7fcc60021000-7fcc64000000 ---p 00000000 00:00 0 
7fcc64000000-7fcc64021000 rw-p 00000000 00:00 0 
7fcc64021000-7fcc68000000 ---p 00000000 00:00 0 
7fcc68000000-7fcc68021000 rw-p 00000000 00:00 0 
7fcc68021000-7fcc6c000000 ---p 00000000 00:00 0 
7fcc6c000000-7fcc6c021000 rw-p 00000000 00:00 0 
7fcc6c021000-7fcc70000000 ---p 00000000 00:00 0 
7fcc70000000-7fcc70021000 rw-p 00000000 00:00 0 
7fcc70021000-7fcc74000000 ---p 00000000 00:00 0 
7fcc74000000-7fcc74021000 rw-p 00000000 00:00 0 
7fcc74021000-7fcc78000000 ---p 00000000 00:00 0 
7fcc78000000-7fcc78021000 rw-p 00000000 00:00 0 
7fcc78021000-7fcc7c000000 ---p 00000000 00:00 0 
7fcc7c000000-7fcc7c021000 rw-p 00000000 00:00 0 
7fcc7c021000-7fcc80000000 ---p 00000000 00:00 0 
7fcc80000000-7fcc80003000 r--s 00010000 fc:01 4387528                    /root/.m2/repository/org/hibernate/common/hibernate-commons-annotations/5.0.4.Final/hibernate-commons-annotations-5.0.4.Final.jar
7fcc80003000-7fcc80005000 r--s 0000f000 fc:01 4387525                    /root/.m2/repository/com/fasterxml/classmate/1.4.0/classmate-1.4.0.jar
7fcc80005000-7fcc80008000 r--s 0002b000 fc:01 4387522                    /root/.m2/repository/org/jboss/jandex/2.0.5.Final/jandex-2.0.5.Final.jar
7fcc80008000-7fcc8000d000 r--s 00068000 fc:01 4133468                    /root/.m2/repository/antlr/antlr/2.7.7/antlr-2.7.7.jar
7fcc8000d000-7fcc80018000 r--s 000b2000 fc:01 4387519                    /root/.m2/repository/org/javassist/javassist/3.23.2-GA/javassist-3.23.2-GA.jar
7fcc80018000-7fcc8001e000 r--s 00023000 fc:01 4387517                    /root/.m2/repository/javax/persistence/javax.persistence-api/2.2/javax.persistence-api-2.2.jar
7fcc8001e000-7fcc80020000 r--s 0000f000 fc:01 4387515                    /root/.m2/repository/org/jboss/logging/jboss-logging/3.3.2.Final/jboss-logging-3.3.2.Final.jar
7fcc80020000-7fcc800a2000 r--s 00627000 fc:01 4387498                    /root/.m2/repository/org/hibernate/hibernate-core/5.3.10.Final/hibernate-core-5.3.10.Final.jar
7fcc800a2000-7fcc800a4000 r--s 0000c000 fc:01 4387511                    /root/.m2/repository/javax/activation/javax.activation-api/1.2.0/javax.activation-api-1.2.0.jar
7fcc800a4000-7fcc800a8000 r--s 0001c000 fc:01 4387509                    /root/.m2/repository/javax/xml/bind/jaxb-api/2.3.1/jaxb-api-2.3.1.jar
7fcc800a8000-7fcc800a9000 r--s 00006000 fc:01 4387507                    /root/.m2/repository/javax/transaction/javax.transaction-api/1.3/javax.transaction-api-1.3.jar
7fcc800a9000-7fcc800b2000 r--s 0005a000 fc:01 4387505                    /root/.m2/repository/org/springframework/spring-jdbc/5.1.8.RELEASE/spring-jdbc-5.1.8.RELEASE.jar
7fcc800b2000-7fcc800b6000 r--s 00020000 fc:01 4387503                    /root/.m2/repository/com/zaxxer/HikariCP/3.2.0/HikariCP-3.2.0.jar
7fcc800b6000-7fcc800b7000 r--s 00000000 fc:01 4387500                    /root/.m2/repository/org/springframework/boot/spring-boot-starter-jdbc/2.1.6.RELEASE/spring-boot-starter-jdbc-2.1.6.RELEASE.jar
7fcc800b7000-7fcc800d0000 r--s 001da000 fc:01 4387496                    /root/.m2/repository/org/aspectj/aspectjweaver/1.9.4/aspectjweaver-1.9.4.jar
7fcc800d0000-7fcc800da000 r--s 00051000 fc:01 4387425                    /root/.m2/repository/org/springframework/spring-aop/5.1.8.RELEASE/spring-aop-5.1.8.RELEASE.jar
7fcc800da000-7fcc800db000 r--s 00000000 fc:01 4387494                    /root/.m2/repository/org/springframework/boot/spring-boot-starter-aop/2.1.6.RELEASE/spring-boot-starter-aop-2.1.6.RELEASE.jar
7fcc800db000-7fcc800dc000 r--s 00000000 fc:01 4387491                    /root/.m2/repository/org/springframework/boot/spring-boot-starter-data-jpa/2.1.6.RELEASE/spring-boot-starter-data-jpa-2.1.6.RELEASE.jar
7fcc800dc000-7fcc800df000 ---p 00000000 00:00 0 
7fcc800df000-7fcc801dd000 rw-p 00000000 00:00 0 
7fcc801dd000-7fcc801e0000 ---p 00000000 00:00 0 
7fcc801e0000-7fcc802de000 rw-p 00000000 00:00 0 
7fcc802de000-7fcc802e1000 ---p 00000000 00:00 0 
7fcc802e1000-7fcc803df000 rw-p 00000000 00:00 0 
7fcc803df000-7fcc803e3000 r-xp 00000000 fc:01 3109277                    /usr/lib/jvm/java-8-openjdk-amd64/jre/lib/amd64/libdt_socket.so
7fcc803e3000-7fcc805e2000 ---p 00004000 fc:01 3109277                    /usr/lib/jvm/java-8-openjdk-amd64/jre/lib/amd64/libdt_socket.so
7fcc805e2000-7fcc805e3000 r--p 00003000 fc:01 3109277                    /usr/lib/jvm/java-8-openjdk-amd64/jre/lib/amd64/libdt_socket.so
7fcc805e3000-7fcc805e4000 rw-p 00004000 fc:01 3109277                    /usr/lib/jvm/java-8-openjdk-amd64/jre/lib/amd64/libdt_socket.so
7fcc805e4000-7fcc805e7000 ---p 00000000 00:00 0 
7fcc805e7000-7fcc806e5000 rw-p 00000000 00:00 0 
7fcc806e5000-7fcc806e8000 ---p 00000000 00:00 0 
7fcc806e8000-7fcc807e6000 rw-p 00000000 00:00 0 
7fcc807e6000-7fcc807e9000 ---p 00000000 00:00 0 
7fcc807e9000-7fcc808e7000 rw-p 00000000 00:00 0 
7fcc808e7000-7fcc808e8000 ---p 00000000 00:00 0 
7fcc808e8000-7fcc812f1000 rw-p 00000000 00:00 0 
7fcc812f1000-7fcc814c0000 r--s 03c3b000 fc:01 3109347                    /usr/lib/jvm/java-8-openjdk-amd64/jre/lib/rt.jar
7fcc814c0000-7fcc83e04000 rw-p 00000000 00:00 0 
7fcc83e04000-7fcc83e05000 ---p 00000000 00:00 0 
7fcc83e05000-7fcc83f05000 rw-p 00000000 00:00 0 
7fcc83f05000-7fcc83f06000 ---p 00000000 00:00 0 
7fcc83f06000-7fcc8401b000 rw-p 00000000 00:00 0 
7fcc8401b000-7fcc8414f000 ---p 00000000 00:00 0 
7fcc8414f000-7fcc84162000 rw-p 00000000 00:00 0 
7fcc84162000-7fcc841f4000 ---p 00000000 00:00 0 
7fcc841f4000-7fcc84208000 rw-p 00000000 00:00 0 
7fcc84208000-7fcc845b5000 ---p 00000000 00:00 0 
7fcc845b5000-7fcc84a75000 rwxp 00000000 00:00 0 
7fcc84a75000-7fcc935b5000 ---p 00000000 00:00 0 
7fcc935b5000-7fcc935bd000 r-xp 00000000 fc:01 3109304                    /usr/lib/jvm/java-8-openjdk-amd64/jre/lib/amd64/libzip.so
7fcc935bd000-7fcc937bc000 ---p 00008000 fc:01 3109304                    /usr/lib/jvm/java-8-openjdk-amd64/jre/lib/amd64/libzip.so
7fcc937bc000-7fcc937bd000 r--p 00007000 fc:01 3109304                    /usr/lib/jvm/java-8-openjdk-amd64/jre/lib/amd64/libzip.so
7fcc937bd000-7fcc937be000 rw-p 00008000 fc:01 3109304                    /usr/lib/jvm/java-8-openjdk-amd64/jre/lib/amd64/libzip.so
7fcc937be000-7fcc937c9000 r-xp 00000000 fc:01 2095                       /lib/x86_64-linux-gnu/libnss_files-2.27.so
7fcc937c9000-7fcc939c8000 ---p 0000b000 fc:01 2095                       /lib/x86_64-linux-gnu/libnss_files-2.27.so
7fcc939c8000-7fcc939c9000 r--p 0000a000 fc:01 2095                       /lib/x86_64-linux-gnu/libnss_files-2.27.so
7fcc939c9000-7fcc939ca000 rw-p 0000b000 fc:01 2095                       /lib/x86_64-linux-gnu/libnss_files-2.27.so
7fcc939ca000-7fcc939d0000 rw-p 00000000 00:00 0 
7fcc939d0000-7fcc939e7000 r-xp 00000000 fc:01 2092                       /lib/x86_64-linux-gnu/libnsl-2.27.so
7fcc939e7000-7fcc93be6000 ---p 00017000 fc:01 2092                       /lib/x86_64-linux-gnu/libnsl-2.27.so
7fcc93be6000-7fcc93be7000 r--p 00016000 fc:01 2092                       /lib/x86_64-linux-gnu/libnsl-2.27.so
7fcc93be7000-7fcc93be8000 rw-p 00017000 fc:01 2092                       /lib/x86_64-linux-gnu/libnsl-2.27.so
7fcc93be8000-7fcc93bea000 rw-p 00000000 00:00 0 
7fcc93bea000-7fcc93bf5000 r-xp 00000000 fc:01 2097                       /lib/x86_64-linux-gnu/libnss_nis-2.27.so
7fcc93bf5000-7fcc93df4000 ---p 0000b000 fc:01 2097                       /lib/x86_64-linux-gnu/libnss_nis-2.27.so
7fcc93df4000-7fcc93df5000 r--p 0000a000 fc:01 2097                       /lib/x86_64-linux-gnu/libnss_nis-2.27.so
7fcc93df5000-7fcc93df6000 rw-p 0000b000 fc:01 2097                       /lib/x86_64-linux-gnu/libnss_nis-2.27.so
7fcc93df6000-7fcc93dfe000 r-xp 00000000 fc:01 2093                       /lib/x86_64-linux-gnu/libnss_compat-2.27.so
7fcc93dfe000-7fcc93ffe000 ---p 00008000 fc:01 2093                       /lib/x86_64-linux-gnu/libnss_compat-2.27.so
7fcc93ffe000-7fcc93fff000 r--p 00008000 fc:01 2093                       /lib/x86_64-linux-gnu/libnss_compat-2.27.so
7fcc93fff000-7fcc94000000 rw-p 00009000 fc:01 2093                       /lib/x86_64-linux-gnu/libnss_compat-2.27.so
7fcc94000000-7fcc94912000 rw-p 00000000 00:00 0 
7fcc94912000-7fcc98000000 ---p 00000000 00:00 0 
7fcc98000000-7fcc98002000 r--s 00001000 fc:01 3109319                    /usr/lib/jvm/java-8-openjdk-amd64/jre/lib/ext/dnsns.jar
7fcc98002000-7fcc98004000 r--s 00008000 fc:01 3109324                    /usr/lib/jvm/java-8-openjdk-amd64/jre/lib/ext/sunec.jar
7fcc98004000-7fcc98009000 r--s 0003c000 fc:01 3109325                    /usr/lib/jvm/java-8-openjdk-amd64/jre/lib/ext/sunjce_provider.jar
7fcc98009000-7fcc98013000 r--s 00116000 fc:01 3109322                    /usr/lib/jvm/java-8-openjdk-amd64/jre/lib/ext/localedata.jar
7fcc98013000-7fcc98076000 rw-p 00000000 00:00 0 
7fcc98076000-7fcc981ab000 ---p 00000000 00:00 0 
7fcc981ab000-7fcc981b5000 r-xp 00000000 fc:01 3109280                    /usr/lib/jvm/java-8-openjdk-amd64/jre/lib/amd64/libinstrument.so
7fcc981b5000-7fcc983b4000 ---p 0000a000 fc:01 3109280                    /usr/lib/jvm/java-8-openjdk-amd64/jre/lib/amd64/libinstrument.so
7fcc983b4000-7fcc983b5000 r--p 00009000 fc:01 3109280                    /usr/lib/jvm/java-8-openjdk-amd64/jre/lib/amd64/libinstrument.so
7fcc983b5000-7fcc983b6000 rw-p 0000a000 fc:01 3109280                    /usr/lib/jvm/java-8-openjdk-amd64/jre/lib/amd64/libinstrument.so
7fcc983b6000-7fcc98529000 r--p 00000000 fc:01 7808                       /usr/lib/locale/C.UTF-8/LC_COLLATE
7fcc98529000-7fcc986c4000 r--p 00000000 fc:01 7803                       /usr/lib/locale/locale-archive
7fcc986c4000-7fcc986c6000 r-xp 00000000 fc:01 3109298                    /usr/lib/jvm/java-8-openjdk-amd64/jre/lib/amd64/libnpt.so
7fcc986c6000-7fcc988c6000 ---p 00002000 fc:01 3109298                    /usr/lib/jvm/java-8-openjdk-amd64/jre/lib/amd64/libnpt.so
7fcc988c6000-7fcc988c7000 r--p 00002000 fc:01 3109298                    /usr/lib/jvm/java-8-openjdk-amd64/jre/lib/amd64/libnpt.so
7fcc988c7000-7fcc988c8000 rw-p 00003000 fc:01 3109298                    /usr/lib/jvm/java-8-openjdk-amd64/jre/lib/amd64/libnpt.so
7fcc988c8000-7fcc98902000 r-xp 00000000 fc:01 3109290                    /usr/lib/jvm/java-8-openjdk-amd64/jre/lib/amd64/libjdwp.so
7fcc98902000-7fcc98b01000 ---p 0003a000 fc:01 3109290                    /usr/lib/jvm/java-8-openjdk-amd64/jre/lib/amd64/libjdwp.so
7fcc98b01000-7fcc98b02000 r--p 00039000 fc:01 3109290                    /usr/lib/jvm/java-8-openjdk-amd64/jre/lib/amd64/libjdwp.so
7fcc98b02000-7fcc98b03000 rw-p 0003a000 fc:01 3109290                    /usr/lib/jvm/java-8-openjdk-amd64/jre/lib/amd64/libjdwp.so
7fcc98b03000-7fcc98b2f000 r-xp 00000000 fc:01 3109285                    /usr/lib/jvm/java-8-openjdk-amd64/jre/lib/amd64/libjava.so
7fcc98b2f000-7fcc98d2e000 ---p 0002c000 fc:01 3109285                    /usr/lib/jvm/java-8-openjdk-amd64/jre/lib/amd64/libjava.so
7fcc98d2e000-7fcc98d2f000 r--p 0002b000 fc:01 3109285                    /usr/lib/jvm/java-8-openjdk-amd64/jre/lib/amd64/libjava.so
7fcc98d2f000-7fcc98d31000 rw-p 0002c000 fc:01 3109285                    /usr/lib/jvm/java-8-openjdk-amd64/jre/lib/amd64/libjava.so
7fcc98d31000-7fcc98d41000 r-xp 00000000 fc:01 3109303                    /usr/lib/jvm/java-8-openjdk-amd64/jre/lib/amd64/libverify.so
7fcc98d41000-7fcc98f40000 ---p 00010000 fc:01 3109303                    /usr/lib/jvm/java-8-openjdk-amd64/jre/lib/amd64/libverify.so
7fcc98f40000-7fcc98f42000 r--p 0000f000 fc:01 3109303                    /usr/lib/jvm/java-8-openjdk-amd64/jre/lib/amd64/libverify.so
7fcc98f42000-7fcc98f43000 rw-p 00011000 fc:01 3109303                    /usr/lib/jvm/java-8-openjdk-amd64/jre/lib/amd64/libverify.so
7fcc98f43000-7fcc98f4a000 r-xp 00000000 fc:01 2181                       /lib/x86_64-linux-gnu/librt-2.27.so
7fcc98f4a000-7fcc99149000 ---p 00007000 fc:01 2181                       /lib/x86_64-linux-gnu/librt-2.27.so
7fcc99149000-7fcc9914a000 r--p 00006000 fc:01 2181                       /lib/x86_64-linux-gnu/librt-2.27.so
7fcc9914a000-7fcc9914b000 rw-p 00007000 fc:01 2181                       /lib/x86_64-linux-gnu/librt-2.27.so
7fcc9914b000-7fcc99162000 r-xp 00000000 fc:01 2098                       /lib/x86_64-linux-gnu/libgcc_s.so.1
7fcc99162000-7fcc99361000 ---p 00017000 fc:01 2098                       /lib/x86_64-linux-gnu/libgcc_s.so.1
7fcc99361000-7fcc99362000 r--p 00016000 fc:01 2098                       /lib/x86_64-linux-gnu/libgcc_s.so.1
7fcc99362000-7fcc99363000 rw-p 00017000 fc:01 2098                       /lib/x86_64-linux-gnu/libgcc_s.so.1
7fcc99363000-7fcc99500000 r-xp 00000000 fc:01 2089                       /lib/x86_64-linux-gnu/libm-2.27.so
7fcc99500000-7fcc996ff000 ---p 0019d000 fc:01 2089                       /lib/x86_64-linux-gnu/libm-2.27.so
7fcc996ff000-7fcc99700000 r--p 0019c000 fc:01 2089                       /lib/x86_64-linux-gnu/libm-2.27.so
7fcc99700000-7fcc99701000 rw-p 0019d000 fc:01 2089                       /lib/x86_64-linux-gnu/libm-2.27.so
7fcc99701000-7fcc9987a000 r-xp 00000000 fc:01 5026                       /usr/lib/x86_64-linux-gnu/libstdc++.so.6.0.25
7fcc9987a000-7fcc99a7a000 ---p 00179000 fc:01 5026                       /usr/lib/x86_64-linux-gnu/libstdc++.so.6.0.25
7fcc99a7a000-7fcc99a84000 r--p 00179000 fc:01 5026                       /usr/lib/x86_64-linux-gnu/libstdc++.so.6.0.25
7fcc99a84000-7fcc99a86000 rw-p 00183000 fc:01 5026                       /usr/lib/x86_64-linux-gnu/libstdc++.so.6.0.25
7fcc99a86000-7fcc99a8a000 rw-p 00000000 00:00 0 
7fcc99a8a000-7fcc9a727000 r-xp 00000000 fc:01 3109307                    /usr/lib/jvm/java-8-openjdk-amd64/jre/lib/amd64/server/libjvm.so
7fcc9a727000-7fcc9a926000 ---p 00c9d000 fc:01 3109307                    /usr/lib/jvm/java-8-openjdk-amd64/jre/lib/amd64/server/libjvm.so
7fcc9a926000-7fcc9a9ba000 r--p 00c9c000 fc:01 3109307                    /usr/lib/jvm/java-8-openjdk-amd64/jre/lib/amd64/server/libjvm.so
7fcc9a9ba000-7fcc9a9e3000 rw-p 00d30000 fc:01 3109307                    /usr/lib/jvm/java-8-openjdk-amd64/jre/lib/amd64/server/libjvm.so
7fcc9a9e3000-7fcc9aa13000 rw-p 00000000 00:00 0 
7fcc9aa13000-7fcc9aa2d000 r-xp 00000000 fc:01 2179                       /lib/x86_64-linux-gnu/libpthread-2.27.so
7fcc9aa2d000-7fcc9ac2c000 ---p 0001a000 fc:01 2179                       /lib/x86_64-linux-gnu/libpthread-2.27.so
7fcc9ac2c000-7fcc9ac2d000 r--p 00019000 fc:01 2179                       /lib/x86_64-linux-gnu/libpthread-2.27.so
7fcc9ac2d000-7fcc9ac2e000 rw-p 0001a000 fc:01 2179                       /lib/x86_64-linux-gnu/libpthread-2.27.so
7fcc9ac2e000-7fcc9ac32000 rw-p 00000000 00:00 0 
7fcc9ac32000-7fcc9ac35000 r-xp 00000000 fc:01 2088                       /lib/x86_64-linux-gnu/libdl-2.27.so
7fcc9ac35000-7fcc9ae34000 ---p 00003000 fc:01 2088                       /lib/x86_64-linux-gnu/libdl-2.27.so
7fcc9ae34000-7fcc9ae35000 r--p 00002000 fc:01 2088                       /lib/x86_64-linux-gnu/libdl-2.27.so
7fcc9ae35000-7fcc9ae36000 rw-p 00003000 fc:01 2088                       /lib/x86_64-linux-gnu/libdl-2.27.so
7fcc9ae36000-7fcc9ae52000 r-xp 00000000 fc:01 2184                       /lib/x86_64-linux-gnu/libz.so.1.2.11
7fcc9ae52000-7fcc9b051000 ---p 0001c000 fc:01 2184                       /lib/x86_64-linux-gnu/libz.so.1.2.11
7fcc9b051000-7fcc9b052000 r--p 0001b000 fc:01 2184                       /lib/x86_64-linux-gnu/libz.so.1.2.11
7fcc9b052000-7fcc9b053000 rw-p 0001c000 fc:01 2184                       /lib/x86_64-linux-gnu/libz.so.1.2.11
7fcc9b053000-7fcc9b23a000 r-xp 00000000 fc:01 2085                       /lib/x86_64-linux-gnu/libc-2.27.so
7fcc9b23a000-7fcc9b43a000 ---p 001e7000 fc:01 2085                       /lib/x86_64-linux-gnu/libc-2.27.so
7fcc9b43a000-7fcc9b43e000 r--p 001e7000 fc:01 2085                       /lib/x86_64-linux-gnu/libc-2.27.so
7fcc9b43e000-7fcc9b440000 rw-p 001eb000 fc:01 2085                       /lib/x86_64-linux-gnu/libc-2.27.so
7fcc9b440000-7fcc9b444000 rw-p 00000000 00:00 0 
7fcc9b444000-7fcc9b452000 r-xp 00000000 fc:01 3109271                    /usr/lib/jvm/java-8-openjdk-amd64/jre/lib/amd64/jli/libjli.so
7fcc9b452000-7fcc9b651000 ---p 0000e000 fc:01 3109271                    /usr/lib/jvm/java-8-openjdk-amd64/jre/lib/amd64/jli/libjli.so
7fcc9b651000-7fcc9b652000 r--p 0000d000 fc:01 3109271                    /usr/lib/jvm/java-8-openjdk-amd64/jre/lib/amd64/jli/libjli.so
7fcc9b652000-7fcc9b653000 rw-p 0000e000 fc:01 3109271                    /usr/lib/jvm/java-8-openjdk-amd64/jre/lib/amd64/jli/libjli.so
7fcc9b653000-7fcc9b67a000 r-xp 00000000 fc:01 2081                       /lib/x86_64-linux-gnu/ld-2.27.so
7fcc9b67a000-7fcc9b67b000 r--s 00010000 fc:01 3109327                    /usr/lib/jvm/java-8-openjdk-amd64/jre/lib/ext/zipfs.jar
7fcc9b67b000-7fcc9b67d000 r--s 00007000 fc:01 79404                      /usr/share/java/java-atk-wrapper.jar
7fcc9b67d000-7fcc9b698000 r--s 001d6000 fc:01 3109323                    /usr/lib/jvm/java-8-openjdk-amd64/jre/lib/ext/nashorn.jar
7fcc9b698000-7fcc9b6b3000 r--s 00394000 fc:01 3109318                    /usr/lib/jvm/java-8-openjdk-amd64/jre/lib/ext/cldrdata.jar
7fcc9b6b3000-7fcc9b6b6000 r--s 00039000 fc:01 3109326                    /usr/lib/jvm/java-8-openjdk-amd64/jre/lib/ext/sunpkcs11.jar
7fcc9b6b6000-7fcc9b6b9000 r--s 0000f000 fc:01 3109320                    /usr/lib/jvm/java-8-openjdk-amd64/jre/lib/ext/icedtea-sound.jar
7fcc9b6b9000-7fcc9b728000 rw-p 00000000 00:00 0 
7fcc9b728000-7fcc9b730000 rw-s 00000000 fc:01 2075542                    /tmp/hsperfdata_root/7524
7fcc9b730000-7fcc9b761000 r--p 00000000 fc:01 7809                       /usr/lib/locale/C.UTF-8/LC_CTYPE
7fcc9b761000-7fcc9b762000 ---p 00000000 00:00 0 
7fcc9b762000-7fcc9b765000 ---p 00000000 00:00 0 
7fcc9b765000-7fcc9b864000 rw-p 00000000 00:00 0 
7fcc9b864000-7fcc9b865000 r--s 0000a000 fc:01 3109321                    /usr/lib/jvm/java-8-openjdk-amd64/jre/lib/ext/jaccess.jar
7fcc9b865000-7fcc9b866000 r--p 00000000 fc:01 7814                       /usr/lib/locale/C.UTF-8/LC_NUMERIC
7fcc9b866000-7fcc9b867000 r--p 00000000 fc:01 7817                       /usr/lib/locale/C.UTF-8/LC_TIME
7fcc9b867000-7fcc9b868000 r--p 00000000 fc:01 7812                       /usr/lib/locale/C.UTF-8/LC_MONETARY
7fcc9b868000-7fcc9b869000 r--p 00000000 fc:01 7806                       /usr/lib/locale/C.UTF-8/LC_MESSAGES/SYS_LC_MESSAGES
7fcc9b869000-7fcc9b86a000 r--p 00000000 fc:01 7815                       /usr/lib/locale/C.UTF-8/LC_PAPER
7fcc9b86a000-7fcc9b86b000 r--p 00000000 fc:01 7813                       /usr/lib/locale/C.UTF-8/LC_NAME
7fcc9b86b000-7fcc9b86c000 r--p 00000000 fc:01 7807                       /usr/lib/locale/C.UTF-8/LC_ADDRESS
7fcc9b86c000-7fcc9b86d000 r--p 00000000 fc:01 7816                       /usr/lib/locale/C.UTF-8/LC_TELEPHONE
7fcc9b86d000-7fcc9b86e000 r--p 00000000 fc:01 7811                       /usr/lib/locale/C.UTF-8/LC_MEASUREMENT
7fcc9b86e000-7fcc9b875000 r--s 00000000 fc:01 5019                       /usr/lib/x86_64-linux-gnu/gconv/gconv-modules.cache
7fcc9b875000-7fcc9b876000 r--p 00000000 fc:01 7810                       /usr/lib/locale/C.UTF-8/LC_IDENTIFICATION
7fcc9b876000-7fcc9b877000 rw-p 00000000 00:00 0 
7fcc9b877000-7fcc9b878000 ---p 00000000 00:00 0 
7fcc9b878000-7fcc9b87a000 rw-p 00000000 00:00 0 
7fcc9b87a000-7fcc9b87b000 r--p 00027000 fc:01 2081                       /lib/x86_64-linux-gnu/ld-2.27.so
7fcc9b87b000-7fcc9b87c000 rw-p 00028000 fc:01 2081                       /lib/x86_64-linux-gnu/ld-2.27.so
7fcc9b87c000-7fcc9b87d000 rw-p 00000000 00:00 0 
7ffd7edd4000-7ffd7edf6000 rw-p 00000000 00:00 0                          [stack]
7ffd7edfa000-7ffd7edfd000 r--p 00000000 00:00 0                          [vvar]
7ffd7edfd000-7ffd7edff000 r-xp 00000000 00:00 0                          [vdso]
ffffffffff600000-ffffffffff601000 r-xp 00000000 00:00 0                  [vsyscall]

VM Arguments:
jvm_args: -agentlib:jdwp=transport=dt_socket,suspend=y,address=localhost:40291 -javaagent:/opt/eclipse/configuration/org.eclipse.osgi/405/0/.cp/lib/javaagent-shaded.jar -Dfile.encoding=UTF-8 
java_command: com.visa.hotelapp.HotelAppApplication
java_class_path (initial): /root/Downloads/hotel-app/target/classes:/root/.m2/repository/org/springframework/boot/spring-boot-starter-data-jpa/2.1.6.RELEASE/spring-boot-starter-data-jpa-2.1.6.RELEASE.jar:/root/.m2/repository/org/springframework/boot/spring-boot-starter-aop/2.1.6.RELEASE/spring-boot-starter-aop-2.1.6.RELEASE.jar:/root/.m2/repository/org/springframework/spring-aop/5.1.8.RELEASE/spring-aop-5.1.8.RELEASE.jar:/root/.m2/repository/org/aspectj/aspectjweaver/1.9.4/aspectjweaver-1.9.4.jar:/root/.m2/repository/org/springframework/boot/spring-boot-starter-jdbc/2.1.6.RELEASE/spring-boot-starter-jdbc-2.1.6.RELEASE.jar:/root/.m2/repository/com/zaxxer/HikariCP/3.2.0/HikariCP-3.2.0.jar:/root/.m2/repository/org/springframework/spring-jdbc/5.1.8.RELEASE/spring-jdbc-5.1.8.RELEASE.jar:/root/.m2/repository/javax/transaction/javax.transaction-api/1.3/javax.transaction-api-1.3.jar:/root/.m2/repository/javax/xml/bind/jaxb-api/2.3.1/jaxb-api-2.3.1.jar:/root/.m2/repository/javax/activation/javax.activation-api/1.2.0/javax.activation-api-1.2.0.jar:/root/.m2/repository/org/hibernate/hibernate-core/5.3.10.Final/hibernate-core-5.3.10.Final.jar:/root/.m2/repository/org/jboss/logging/jboss-logging/3.3.2.Final/jboss-logging-3.3.2.Final.jar:/root/.m2/repository/javax/persistence/javax.persistence-api/2.2/javax.persistence-api-2.2.jar:/root/.m2/repository/org/javassist/javassist/3.23.2-GA/javassist-3.23.2-GA.jar:/root/.m2/repository/net/bytebuddy/byte-buddy/1.9.13/byte-buddy-1.9.13.jar:/root/.m2/repository/antlr/antlr/2.7.7/antlr-2.7.7.jar:/root/.m2/repository/org/jboss/jandex/2.0.5.Final/jandex-2.0.5.Final.jar:/root/.m2/repository/com/fasterxml/classmate/1.4.0/classmate-1.4.0.jar:/root/.m2/repository/org/dom4j/dom4j/2.1.1/dom4j-2.1.1.jar:/root/.m2/repository/org/hibernate/common/hibernate-commons-annotations/5.0.4.Final/hibernate-commons-annotations-5.0.4.Final.jar:/root/.m2/repository/org/springframework/data/spring-data-jpa/2.1.9.RELEASE/spring-data-jpa-2.1.9.RELEASE.jar:/root/.
Launcher Type: SUN_STANDARD

Environment Variables:
PATH=/usr/local/sbin:/usr/local/bin:/usr/sbin:/usr/bin:/sbin:/bin
SHELL=/bin/sh
DISPLAY=:20.0

Signal Handlers:
SIGSEGV: [libjvm.so+0xab5000], sa_mask[0]=11111111011111111101111111111110, sa_flags=SA_RESTART|SA_SIGINFO
SIGBUS: [libjvm.so+0xab5000], sa_mask[0]=11111111011111111101111111111110, sa_flags=SA_RESTART|SA_SIGINFO
SIGFPE: [libjvm.so+0x8ea970], sa_mask[0]=11111111011111111101111111111110, sa_flags=SA_RESTART|SA_SIGINFO
SIGPIPE: [libjvm.so+0x8ea970], sa_mask[0]=11111111011111111101111111111110, sa_flags=SA_RESTART|SA_SIGINFO
SIGXFSZ: [libjvm.so+0x8ea970], sa_mask[0]=11111111011111111101111111111110, sa_flags=SA_RESTART|SA_SIGINFO
SIGILL: [libjvm.so+0x8ea970], sa_mask[0]=11111111011111111101111111111110, sa_flags=SA_RESTART|SA_SIGINFO
SIGUSR1: SIG_DFL, sa_mask[0]=00000000000000000000000000000000, sa_flags=none
SIGUSR2: [libjvm.so+0x8ea820], sa_mask[0]=00100000000000000000000000000000, sa_flags=SA_RESTART|SA_SIGINFO
SIGHUP: [libjvm.so+0x8eae90], sa_mask[0]=11111111011111111101111111111110, sa_flags=SA_RESTART|SA_SIGINFO
SIGINT: [libjvm.so+0x8eae90], sa_mask[0]=11111111011111111101111111111110, sa_flags=SA_RESTART|SA_SIGINFO
SIGTERM: [libjvm.so+0x8eae90], sa_mask[0]=11111111011111111101111111111110, sa_flags=SA_RESTART|SA_SIGINFO
SIGQUIT: [libjvm.so+0x8eae90], sa_mask[0]=11111111011111111101111111111110, sa_flags=SA_RESTART|SA_SIGINFO


---------------  S Y S T E M  ---------------

OS:DISTRIB_ID=Ubuntu
DISTRIB_RELEASE=18.04
DISTRIB_CODENAME=bionic
DISTRIB_DESCRIPTION="Ubuntu 18.04.2 LTS"

uname:Linux 4.15.0-54-generic #58-Ubuntu SMP Mon Jun 24 10:55:24 UTC 2019 x86_64
libc:glibc 2.27 NPTL 2.27 
rlimit: STACK 8192k, CORE 0k, NPROC 15678, NOFILE 4096, AS infinity
load average:5.22 1.75 0.95

/proc/meminfo:
MemTotal:        4039568 kB
MemFree:           85036 kB
MemAvailable:          0 kB
Buffers:             288 kB
Cached:           149236 kB
SwapCached:            0 kB
Active:          3621564 kB
Inactive:         140704 kB
Active(anon):    3613896 kB
Inactive(anon):   132044 kB
Active(file):       7668 kB
Inactive(file):     8660 kB
Unevictable:          32 kB
Mlocked:              32 kB
SwapTotal:             0 kB
SwapFree:              0 kB
Dirty:               136 kB
Writeback:             0 kB
AnonPages:       3612940 kB
Mapped:            86564 kB
Shmem:            133032 kB
Slab:              82232 kB
SReclaimable:      28444 kB
SUnreclaim:        53788 kB
KernelStack:       11776 kB
PageTables:        56688 kB
NFS_Unstable:          0 kB
Bounce:                0 kB
WritebackTmp:          0 kB
CommitLimit:     2019784 kB
Committed_AS:    8631920 kB
VmallocTotal:   34359738367 kB
VmallocUsed:           0 kB
VmallocChunk:          0 kB
HardwareCorrupted:     0 kB
AnonHugePages:         0 kB
ShmemHugePages:        0 kB
ShmemPmdMapped:        0 kB
CmaTotal:              0 kB
CmaFree:               0 kB
HugePages_Total:       0
HugePages_Free:        0
HugePages_Rsvd:        0
HugePages_Surp:        0
Hugepagesize:       2048 kB
DirectMap4k:      133100 kB
DirectMap2M:     4061184 kB
DirectMap1G:           0 kB

container (cgroup) information:
container_type: cgroupv1
cpu_cpuset_cpus: 0-1
cpu_memory_nodes: 0
active_processor_count: 2
cpu_quota: -1
cpu_period: 100000
cpu_shares: -1
memory_limit_in_bytes: -1
memory_and_swap_limit_in_bytes: -2
memory_soft_limit_in_bytes: -1
memory_usage_in_bytes: 3618848768
memory_max_usage_in_bytes: 3623575552


CPU:total 2 (initial active 2) (1 cores per cpu, 1 threads per core) family 6 model 85 stepping 4, cmov, cx8, fxsr, mmx, sse, sse2, sse3, ssse3, sse4.1, sse4.2, popcnt, avx, avx2, aes, clmul, erms, rtm, 3dnowpref, lzcnt, tsc, bmi1, bmi2, adx

/proc/cpuinfo:
processor	: 0
vendor_id	: GenuineIntel
cpu family	: 6
model		: 85
model name	: Intel(R) Xeon(R) Gold 6140 CPU @ 2.30GHz
stepping	: 4
microcode	: 0x1
cpu MHz		: 2294.608
cache size	: 25344 KB
physical id	: 0
siblings	: 1
core id		: 0
cpu cores	: 1
apicid		: 0
initial apicid	: 0
fpu		: yes
fpu_exception	: yes
cpuid level	: 13
wp		: yes
flags		: fpu vme de pse tsc msr pae mce cx8 apic sep mtrr pge mca cmov pat pse36 clflush mmx fxsr sse sse2 ss syscall nx pdpe1gb rdtscp lm constant_tsc arch_perfmon rep_good nopl cpuid tsc_known_freq pni pclmulqdq vmx ssse3 fma cx16 pcid sse4_1 sse4_2 x2apic movbe popcnt tsc_deadline_timer aes xsave avx f16c rdrand hypervisor lahf_lm abm 3dnowprefetch cpuid_fault invpcid_single pti ssbd ibrs ibpb tpr_shadow vnmi flexpriority ept vpid fsgsbase tsc_adjust bmi1 hle avx2 smep bmi2 erms invpcid rtm mpx avx512f avx512dq rdseed adx smap clflushopt clwb avx512cd avx512bw avx512vl xsaveopt xsavec xgetbv1 xsaves pku ospke md_clear
bugs		: cpu_meltdown spectre_v1 spectre_v2 spec_store_bypass l1tf mds
bogomips	: 4589.21
clflush size	: 64
cache_alignment	: 64
address sizes	: 40 bits physical, 48 bits virtual
power management:

processor	: 1
vendor_id	: GenuineIntel
cpu family	: 6
model		: 85
model name	: Intel(R) Xeon(R) Gold 6140 CPU @ 2.30GHz
stepping	: 4
microcode	: 0x1
cpu MHz		: 2294.608
cache size	: 25344 KB
physical id	: 1
siblings	: 1
core id		: 0
cpu cores	: 1
apicid		: 1
initial apicid	: 1
fpu		: yes
fpu_exception	: yes
cpuid level	: 13
wp		: yes
flags		: fpu vme de pse tsc msr pae mce cx8 apic sep mtrr pge mca cmov pat pse36 clflush mmx fxsr sse sse2 ss syscall nx pdpe1gb rdtscp lm constant_tsc arch_perfmon rep_good nopl cpuid tsc_known_freq pni pclmulqdq vmx ssse3 fma cx16 pcid sse4_1 sse4_2 x2apic movbe popcnt tsc_deadline_timer aes xsave avx f16c rdrand hypervisor lahf_lm abm 3dnowprefetch cpuid_fault invpcid_single pti ssbd ibrs ibpb tpr_shadow vnmi flexpriority ept vpid fsgsbase tsc_adjust bmi1 hle avx2 smep bmi2 erms invpcid rtm mpx avx512f avx512dq rdseed adx smap clflushopt clwb avx512cd avx512bw avx512vl xsaveopt xsavec xgetbv1 xsaves pku ospke md_clear
bugs		: cpu_meltdown spectre_v1 spectre_v2 spec_store_bypass l1tf mds
bogomips	: 4589.21
clflush size	: 64
cache_alignment	: 64
address sizes	: 40 bits physical, 48 bits virtual
power management:



Memory: 4k page, physical 4039568k(85624k free), swap 0k(0k free)

vm_info: OpenJDK 64-Bit Server VM (25.212-b03) for linux-amd64 JRE (1.8.0_212-8u212-b03-0ubuntu1.18.04.1-b03), built on Apr 26 2019 01:04:36 by "buildd" with gcc 7.3.0

time: Wed Jul 24 05:12:34 2019
timezone: UTC
elapsed time: 22 seconds (0d 0h 0m 22s)

